==6562== Memcheck, a memory error detector
==6562== Copyright (C) 2002-2017, and GNU GPL'd, by Julian Seward et al.
==6562== Using Valgrind-3.15.0-608cb11914-20190413 and LibVEX; rerun with -h for copyright info
==6562== Command: ./dflow_calc rand_tests/rand_opcode3.dat rand_tests/rand_example3.in p0 d0 p1 d1 p2 d2 p3 d3 p4 d4 p5 d5 p6 d6 p7 d7 p8 d8 p9 d9 p10 d10 p11 d11 p12 d12 p13 d13
==6562== Parent PID: 6425
==6562== 
--6562-- 
--6562-- Valgrind options:
--6562--    --leak-check=full
--6562--    --log-file=memoryleaks.out
--6562--    -v
--6562-- Contents of /proc/version:
--6562--   Linux version 4.19.128-microsoft-standard (oe-user@oe-host) (gcc version 8.2.0 (GCC)) #1 SMP Tue Jun 23 12:58:10 UTC 2020
--6562-- 
--6562-- Arch and hwcaps: AMD64, LittleEndian, amd64-cx16-lzcnt-rdtscp-sse3-ssse3-avx-avx2-bmi-f16c-rdrand
--6562-- Page sizes: currently 4096, max supported 4096
--6562-- Valgrind library directory: /usr/lib/x86_64-linux-gnu/valgrind
--6562-- Reading syms from /home/nir/comparch/hw3/dflow_calc
--6562-- Reading syms from /usr/lib/x86_64-linux-gnu/ld-2.31.so
--6562--   Considering /usr/lib/x86_64-linux-gnu/ld-2.31.so ..
--6562--   .. CRC mismatch (computed 975d0390 wanted 30bd717f)
--6562--   Considering /lib/x86_64-linux-gnu/ld-2.31.so ..
--6562--   .. CRC mismatch (computed 975d0390 wanted 30bd717f)
--6562--   Considering /usr/lib/debug/lib/x86_64-linux-gnu/ld-2.31.so ..
--6562--   .. CRC is valid
--6562-- Reading syms from /usr/lib/x86_64-linux-gnu/valgrind/memcheck-amd64-linux
--6562--    object doesn't have a symbol table
--6562--    object doesn't have a dynamic symbol table
--6562-- Scheduler: using generic scheduler lock implementation.
--6562-- Reading suppressions file: /usr/lib/x86_64-linux-gnu/valgrind/default.supp
==6562== embedded gdbserver: reading from /tmp/vgdb-pipe-from-vgdb-to-6562-by-nir-on-???
==6562== embedded gdbserver: writing to   /tmp/vgdb-pipe-to-vgdb-from-6562-by-nir-on-???
==6562== embedded gdbserver: shared mem   /tmp/vgdb-pipe-shared-mem-vgdb-6562-by-nir-on-???
==6562== 
==6562== TO CONTROL THIS PROCESS USING vgdb (which you probably
==6562== don't want to do, unless you know exactly what you're doing,
==6562== or are doing some strange experiment):
==6562==   /usr/lib/x86_64-linux-gnu/valgrind/../../bin/vgdb --pid=6562 ...command...
==6562== 
==6562== TO DEBUG THIS PROCESS USING GDB: start GDB like this
==6562==   /path/to/gdb ./dflow_calc
==6562== and then give GDB the following command
==6562==   target remote | /usr/lib/x86_64-linux-gnu/valgrind/../../bin/vgdb --pid=6562
==6562== --pid is optional if only one valgrind process is running
==6562== 
--6562-- REDIR: 0x4022e10 (ld-linux-x86-64.so.2:strlen) redirected to 0x580c9ce2 (???)
--6562-- REDIR: 0x4022be0 (ld-linux-x86-64.so.2:index) redirected to 0x580c9cfc (???)
--6562-- Reading syms from /usr/lib/x86_64-linux-gnu/valgrind/vgpreload_core-amd64-linux.so
--6562--    object doesn't have a symbol table
--6562-- Reading syms from /usr/lib/x86_64-linux-gnu/valgrind/vgpreload_memcheck-amd64-linux.so
--6562--    object doesn't have a symbol table
==6562== WARNING: new redirection conflicts with existing -- ignoring it
--6562--     old: 0x04022e10 (strlen              ) R-> (0000.0) 0x580c9ce2 ???
--6562--     new: 0x04022e10 (strlen              ) R-> (2007.0) 0x0483f060 strlen
--6562-- REDIR: 0x401f5f0 (ld-linux-x86-64.so.2:strcmp) redirected to 0x483ffd0 (strcmp)
--6562-- REDIR: 0x4023370 (ld-linux-x86-64.so.2:mempcpy) redirected to 0x4843a20 (mempcpy)
--6562-- Reading syms from /usr/lib/x86_64-linux-gnu/libstdc++.so.6.0.28
--6562--    object doesn't have a symbol table
--6562-- Reading syms from /usr/lib/x86_64-linux-gnu/libgcc_s.so.1
--6562--    object doesn't have a symbol table
--6562-- Reading syms from /usr/lib/x86_64-linux-gnu/libc-2.31.so
--6562--   Considering /usr/lib/x86_64-linux-gnu/libc-2.31.so ..
--6562--   .. CRC mismatch (computed 86b78530 wanted e380f01c)
--6562--   Considering /lib/x86_64-linux-gnu/libc-2.31.so ..
--6562--   .. CRC mismatch (computed 86b78530 wanted e380f01c)
--6562--   Considering /usr/lib/debug/lib/x86_64-linux-gnu/libc-2.31.so ..
--6562--   .. CRC is valid
--6562-- Reading syms from /usr/lib/x86_64-linux-gnu/libm-2.31.so
--6562--   Considering /usr/lib/x86_64-linux-gnu/libm-2.31.so ..
--6562--   .. CRC mismatch (computed fcb42c76 wanted f6c95789)
--6562--   Considering /lib/x86_64-linux-gnu/libm-2.31.so ..
--6562--   .. CRC mismatch (computed fcb42c76 wanted f6c95789)
--6562--   Considering /usr/lib/debug/lib/x86_64-linux-gnu/libm-2.31.so ..
--6562--   .. CRC is valid
--6562-- REDIR: 0x4af9600 (libc.so.6:memmove) redirected to 0x48311d0 (_vgnU_ifunc_wrapper)
--6562-- REDIR: 0x4af8900 (libc.so.6:strncpy) redirected to 0x48311d0 (_vgnU_ifunc_wrapper)
--6562-- REDIR: 0x4af9930 (libc.so.6:strcasecmp) redirected to 0x48311d0 (_vgnU_ifunc_wrapper)
--6562-- REDIR: 0x4af8220 (libc.so.6:strcat) redirected to 0x48311d0 (_vgnU_ifunc_wrapper)
--6562-- REDIR: 0x4af8960 (libc.so.6:rindex) redirected to 0x48311d0 (_vgnU_ifunc_wrapper)
--6562-- REDIR: 0x4afadd0 (libc.so.6:rawmemchr) redirected to 0x48311d0 (_vgnU_ifunc_wrapper)
--6562-- REDIR: 0x4b15e60 (libc.so.6:wmemchr) redirected to 0x48311d0 (_vgnU_ifunc_wrapper)
--6562-- REDIR: 0x4b159a0 (libc.so.6:wcscmp) redirected to 0x48311d0 (_vgnU_ifunc_wrapper)
--6562-- REDIR: 0x4af9760 (libc.so.6:mempcpy) redirected to 0x48311d0 (_vgnU_ifunc_wrapper)
--6562-- REDIR: 0x4af9590 (libc.so.6:bcmp) redirected to 0x48311d0 (_vgnU_ifunc_wrapper)
--6562-- REDIR: 0x4af8890 (libc.so.6:strncmp) redirected to 0x48311d0 (_vgnU_ifunc_wrapper)
--6562-- REDIR: 0x4af82d0 (libc.so.6:strcmp) redirected to 0x48311d0 (_vgnU_ifunc_wrapper)
--6562-- REDIR: 0x4af96c0 (libc.so.6:memset) redirected to 0x48311d0 (_vgnU_ifunc_wrapper)
--6562-- REDIR: 0x4b15960 (libc.so.6:wcschr) redirected to 0x48311d0 (_vgnU_ifunc_wrapper)
--6562-- REDIR: 0x4af87f0 (libc.so.6:strnlen) redirected to 0x48311d0 (_vgnU_ifunc_wrapper)
--6562-- REDIR: 0x4af83b0 (libc.so.6:strcspn) redirected to 0x48311d0 (_vgnU_ifunc_wrapper)
--6562-- REDIR: 0x4af9980 (libc.so.6:strncasecmp) redirected to 0x48311d0 (_vgnU_ifunc_wrapper)
--6562-- REDIR: 0x4af8350 (libc.so.6:strcpy) redirected to 0x48311d0 (_vgnU_ifunc_wrapper)
--6562-- REDIR: 0x4af9ad0 (libc.so.6:memcpy@@GLIBC_2.14) redirected to 0x48311d0 (_vgnU_ifunc_wrapper)
--6562-- REDIR: 0x4b170d0 (libc.so.6:wcsnlen) redirected to 0x48311d0 (_vgnU_ifunc_wrapper)
--6562-- REDIR: 0x4b159e0 (libc.so.6:wcscpy) redirected to 0x48311d0 (_vgnU_ifunc_wrapper)
--6562-- REDIR: 0x4af89a0 (libc.so.6:strpbrk) redirected to 0x48311d0 (_vgnU_ifunc_wrapper)
--6562-- REDIR: 0x4af8280 (libc.so.6:index) redirected to 0x48311d0 (_vgnU_ifunc_wrapper)
--6562-- REDIR: 0x4af87b0 (libc.so.6:strlen) redirected to 0x48311d0 (_vgnU_ifunc_wrapper)
--6562-- REDIR: 0x4b01d20 (libc.so.6:memrchr) redirected to 0x48311d0 (_vgnU_ifunc_wrapper)
--6562-- REDIR: 0x4af99d0 (libc.so.6:strcasecmp_l) redirected to 0x48311d0 (_vgnU_ifunc_wrapper)
--6562-- REDIR: 0x4af9550 (libc.so.6:memchr) redirected to 0x48311d0 (_vgnU_ifunc_wrapper)
--6562-- REDIR: 0x4b15ab0 (libc.so.6:wcslen) redirected to 0x48311d0 (_vgnU_ifunc_wrapper)
--6562-- REDIR: 0x4af8c60 (libc.so.6:strspn) redirected to 0x48311d0 (_vgnU_ifunc_wrapper)
--6562-- REDIR: 0x4af98d0 (libc.so.6:stpncpy) redirected to 0x48311d0 (_vgnU_ifunc_wrapper)
--6562-- REDIR: 0x4af9870 (libc.so.6:stpcpy) redirected to 0x48311d0 (_vgnU_ifunc_wrapper)
--6562-- REDIR: 0x4afae10 (libc.so.6:strchrnul) redirected to 0x48311d0 (_vgnU_ifunc_wrapper)
--6562-- REDIR: 0x4af9a20 (libc.so.6:strncasecmp_l) redirected to 0x48311d0 (_vgnU_ifunc_wrapper)
--6562-- REDIR: 0x4be1490 (libc.so.6:__strrchr_avx2) redirected to 0x483ea10 (rindex)
--6562-- REDIR: 0x4af3260 (libc.so.6:malloc) redirected to 0x483b780 (malloc)
--6562-- REDIR: 0x4be1660 (libc.so.6:__strlen_avx2) redirected to 0x483ef40 (strlen)
--6562-- REDIR: 0x4bddc50 (libc.so.6:__memcmp_avx2_movbe) redirected to 0x48421e0 (bcmp)
--6562-- REDIR: 0x4bdcb60 (libc.so.6:__strcmp_avx2) redirected to 0x483fed0 (strcmp)
--6562-- REDIR: 0x4be12a0 (libc.so.6:__strchrnul_avx2) redirected to 0x4843540 (strchrnul)
--6562-- REDIR: 0x4be4650 (libc.so.6:__mempcpy_avx_unaligned_erms) redirected to 0x4843660 (mempcpy)
--6562-- REDIR: 0x4af9120 (libc.so.6:__GI_strstr) redirected to 0x4843ca0 (__strstr_sse2)
--6562-- REDIR: 0x4bdd4c0 (libc.so.6:__memchr_avx2) redirected to 0x4840050 (memchr)
--6562-- REDIR: 0x4be4670 (libc.so.6:__memcpy_avx_unaligned_erms) redirected to 0x48429f0 (memmove)
--6562-- REDIR: 0x4af3850 (libc.so.6:free) redirected to 0x483c9d0 (free)
--6562-- REDIR: 0x4af4000 (libc.so.6:realloc) redirected to 0x483df30 (realloc)
--6562-- REDIR: 0x4bdca30 (libc.so.6:__strspn_sse42) redirected to 0x4843ef0 (strspn)
--6562-- REDIR: 0x4bdc7b0 (libc.so.6:__strcspn_sse42) redirected to 0x4843e10 (strcspn)
--6562-- REDIR: 0x4903b20 (libstdc++.so.6:operator new(unsigned long)) redirected to 0x483bdf0 (operator new(unsigned long))
--6562-- REDIR: 0x4901d70 (libstdc++.so.6:operator delete(void*)) redirected to 0x483cf50 (operator delete(void*))
==6562== 
==6562== HEAP SUMMARY:
==6562==     in use at exit: 0 bytes in 0 blocks
==6562==   total heap usage: 10 allocs, 10 frees, 87,324 bytes allocated
==6562== 
==6562== All heap blocks were freed -- no leaks are possible
==6562== 
==6562== ERROR SUMMARY: 0 errors from 0 contexts (suppressed: 0 from 0)
